<?xml version="1.0" encoding="UTF-8"?>
<testng-results ignored="0" total="3" passed="3" failed="0" skipped="0">
  <reporter-output>
  </reporter-output>
  <suite started-at="2025-01-24T12:51:43 IST" name="Test Suite for Buildout" finished-at="2025-01-24T12:52:09 IST" duration-ms="25154">
    <groups>
    </groups>
    <test started-at="2025-01-24T12:51:43 IST" name="testCase01" finished-at="2025-01-24T12:52:09 IST" duration-ms="25154">
      <class name="demo.TestCases">
        <test-method is-config="true" signature="startBrowser()[pri:0, instance:demo.TestCases@7d3e8655]" started-at="2025-01-24T12:51:43 IST" name="startBrowser" finished-at="2025-01-24T12:51:47 IST" duration-ms="3391" status="PASS">
          <reporter-output>
          </reporter-output>
        </test-method> <!-- startBrowser -->
        <test-method signature="testCase01()[pri:0, instance:demo.TestCases@7d3e8655]" started-at="2025-01-24T12:51:47 IST" name="testCase01" finished-at="2025-01-24T12:51:55 IST" duration-ms="8054" status="PASS">
          <reporter-output>
          </reporter-output>
        </test-method> <!-- testCase01 -->
        <test-method signature="testCase02()[pri:0, instance:demo.TestCases@7d3e8655]" started-at="2025-01-24T12:51:55 IST" name="testCase02" finished-at="2025-01-24T12:52:01 IST" duration-ms="5618" status="PASS">
          <reporter-output>
          </reporter-output>
        </test-method> <!-- testCase02 -->
        <test-method signature="testCase03()[pri:0, instance:demo.TestCases@7d3e8655]" started-at="2025-01-24T12:52:01 IST" name="testCase03" finished-at="2025-01-24T12:52:08 IST" duration-ms="7616" status="PASS">
          <reporter-output>
          </reporter-output>
        </test-method> <!-- testCase03 -->
        <test-method is-config="true" signature="endTest()[pri:0, instance:demo.TestCases@7d3e8655]" started-at="2025-01-24T12:52:08 IST" name="endTest" finished-at="2025-01-24T12:52:09 IST" duration-ms="453" status="PASS">
          <reporter-output>
          </reporter-output>
        </test-method> <!-- endTest -->
      </class> <!-- demo.TestCases -->
    </test> <!-- testCase01 -->
  </suite> <!-- Test Suite for Buildout -->
</testng-results>
